<?xml version="1.0" encoding="UTF-8"?>
<testng-results ignored="0" total="22" passed="22" failed="0" skipped="0">
  <reporter-output>
  </reporter-output>
  <suite started-at="2019-04-10T03:10:13Z" name="Default suite" finished-at="2019-04-10T03:13:05Z" duration-ms="171747">
    <groups>
    </groups>
    <test started-at="2019-04-10T03:10:13Z" name="Default test" finished-at="2019-04-10T03:13:05Z" duration-ms="171747">
      <class name="gifting_web.ReportFormat">
        <test-method signature="Open_Browser()[pri:1, instance:gifting_web.ReportFormat@37271612]" started-at="2019-04-10T03:10:13Z" name="Open_Browser" finished-at="2019-04-10T03:10:16Z" duration-ms="2897" status="PASS">
          <reporter-output>
          </reporter-output>
        </test-method> <!-- Open_Browser -->
        <test-method signature="Enter_URL()[pri:2, instance:gifting_web.ReportFormat@37271612]" started-at="2019-04-10T03:10:16Z" name="Enter_URL" finished-at="2019-04-10T03:10:25Z" duration-ms="8959" status="PASS">
          <reporter-output>
          </reporter-output>
        </test-method> <!-- Enter_URL -->
        <test-method signature="Age_Gate()[pri:3, instance:gifting_web.ReportFormat@37271612]" started-at="2019-04-10T03:10:25Z" name="Age_Gate" finished-at="2019-04-10T03:10:30Z" duration-ms="4398" status="PASS">
          <reporter-output>
          </reporter-output>
        </test-method> <!-- Age_Gate -->
        <test-method signature="Start_Gifting()[pri:4, instance:gifting_web.ReportFormat@37271612]" started-at="2019-04-10T03:10:30Z" name="Start_Gifting" finished-at="2019-04-10T03:10:34Z" duration-ms="4412" status="PASS">
          <reporter-output>
          </reporter-output>
        </test-method> <!-- Start_Gifting -->
        <test-method signature="Get_Started()[pri:5, instance:gifting_web.ReportFormat@37271612]" started-at="2019-04-10T03:10:34Z" name="Get_Started" finished-at="2019-04-10T03:10:35Z" duration-ms="1100" status="PASS">
          <reporter-output>
          </reporter-output>
        </test-method> <!-- Get_Started -->
        <test-method signature="Recipient_Name()[pri:6, instance:gifting_web.ReportFormat@37271612]" started-at="2019-04-10T03:10:35Z" name="Recipient_Name" finished-at="2019-04-10T03:10:36Z" duration-ms="1281" status="PASS">
          <reporter-output>
          </reporter-output>
        </test-method> <!-- Recipient_Name -->
        <test-method signature="Select_City()[pri:7, instance:gifting_web.ReportFormat@37271612]" started-at="2019-04-10T03:10:36Z" name="Select_City" finished-at="2019-04-10T03:10:38Z" duration-ms="1310" status="PASS">
          <reporter-output>
          </reporter-output>
        </test-method> <!-- Select_City -->
        <test-method signature="Choose_City()[pri:8, instance:gifting_web.ReportFormat@37271612]" started-at="2019-04-10T03:10:38Z" name="Choose_City" finished-at="2019-04-10T03:10:39Z" duration-ms="1298" status="PASS">
          <reporter-output>
          </reporter-output>
        </test-method> <!-- Choose_City -->
        <test-method signature="Recipient_Favourite_Drink()[pri:9, instance:gifting_web.ReportFormat@37271612]" started-at="2019-04-10T03:10:39Z" name="Recipient_Favourite_Drink" finished-at="2019-04-10T03:10:42Z" duration-ms="2846" status="PASS">
          <reporter-output>
          </reporter-output>
        </test-method> <!-- Recipient_Favourite_Drink -->
        <test-method signature="Select_Genre()[pri:10, instance:gifting_web.ReportFormat@37271612]" started-at="2019-04-10T03:10:42Z" name="Select_Genre" finished-at="2019-04-10T03:10:43Z" duration-ms="1282" status="PASS">
          <reporter-output>
          </reporter-output>
        </test-method> <!-- Select_Genre -->
        <test-method signature="View_Drinks()[pri:11, instance:gifting_web.ReportFormat@37271612]" started-at="2019-04-10T03:10:43Z" name="View_Drinks" finished-at="2019-04-10T03:10:47Z" duration-ms="3674" status="PASS">
          <reporter-output>
          </reporter-output>
        </test-method> <!-- View_Drinks -->
        <test-method signature="Switch_City()[pri:12, instance:gifting_web.ReportFormat@37271612]" started-at="2019-04-10T03:10:47Z" name="Switch_City" finished-at="2019-04-10T03:10:47Z" duration-ms="2" status="PASS">
          <reporter-output>
          </reporter-output>
        </test-method> <!-- Switch_City -->
        <test-method signature="City_Iteration()[pri:13, instance:gifting_web.ReportFormat@37271612]" started-at="2019-04-10T03:10:47Z" name="City_Iteration" finished-at="2019-04-10T03:11:08Z" duration-ms="21464" status="PASS">
          <reporter-output>
          </reporter-output>
        </test-method> <!-- City_Iteration -->
        <test-method signature="Gift_Basket()[pri:14, instance:gifting_web.ReportFormat@37271612]" started-at="2019-04-10T03:11:08Z" name="Gift_Basket" finished-at="2019-04-10T03:11:11Z" duration-ms="2773" status="PASS">
          <reporter-output>
          </reporter-output>
        </test-method> <!-- Gift_Basket -->
        <test-method signature="Promo_Codes()[pri:15, instance:gifting_web.ReportFormat@37271612]" started-at="2019-04-10T03:11:11Z" name="Promo_Codes" finished-at="2019-04-10T03:12:20Z" duration-ms="68937" status="PASS">
          <reporter-output>
          </reporter-output>
        </test-method> <!-- Promo_Codes -->
        <test-method signature="Personalise()[pri:16, instance:gifting_web.ReportFormat@37271612]" started-at="2019-04-10T03:12:20Z" name="Personalise" finished-at="2019-04-10T03:12:23Z" duration-ms="3184" status="PASS">
          <reporter-output>
          </reporter-output>
        </test-method> <!-- Personalise -->
        <test-method signature="Personal_Message()[pri:17, instance:gifting_web.ReportFormat@37271612]" started-at="2019-04-10T03:12:23Z" name="Personal_Message" finished-at="2019-04-10T03:12:25Z" duration-ms="1430" status="PASS">
          <reporter-output>
          </reporter-output>
        </test-method> <!-- Personal_Message -->
        <test-method signature="Receiver_Number()[pri:18, instance:gifting_web.ReportFormat@37271612]" started-at="2019-04-10T03:12:25Z" name="Receiver_Number" finished-at="2019-04-10T03:12:27Z" duration-ms="2355" status="PASS">
          <reporter-output>
          </reporter-output>
        </test-method> <!-- Receiver_Number -->
        <test-method signature="Personalise_Checkbox()[pri:19, instance:gifting_web.ReportFormat@37271612]" started-at="2019-04-10T03:12:27Z" name="Personalise_Checkbox" finished-at="2019-04-10T03:12:29Z" duration-ms="2320" status="PASS">
          <reporter-output>
          </reporter-output>
        </test-method> <!-- Personalise_Checkbox -->
        <test-method signature="Personalise_TC_or_Pay()[pri:20, instance:gifting_web.ReportFormat@37271612]" started-at="2019-04-10T03:12:29Z" name="Personalise_TC_or_Pay" finished-at="2019-04-10T03:12:31Z" duration-ms="1848" status="PASS">
          <reporter-output>
          </reporter-output>
        </test-method> <!-- Personalise_TC_or_Pay -->
        <test-method signature="Payment_Type()[pri:21, instance:gifting_web.ReportFormat@37271612]" started-at="2019-04-10T03:12:31Z" name="Payment_Type" finished-at="2019-04-10T03:13:05Z" duration-ms="33761" status="PASS">
          <reporter-output>
          </reporter-output>
        </test-method> <!-- Payment_Type -->
        <test-method signature="Quit()[pri:22, instance:gifting_web.ReportFormat@37271612]" started-at="2019-04-10T03:13:05Z" name="Quit" finished-at="2019-04-10T03:13:05Z" duration-ms="105" status="PASS">
          <reporter-output>
          </reporter-output>
        </test-method> <!-- Quit -->
      </class> <!-- gifting_web.ReportFormat -->
    </test> <!-- Default test -->
  </suite> <!-- Default suite -->
</testng-results>
